0 info it worked if it ends with ok
1 verbose cli [ 'C:\\Program Files\\nodejs\\node.exe',
1 verbose cli   'C:\\Users\\Jwiz\\AppData\\Roaming\\npm\\node_modules\\npm\\bin\\npm-cli.js',
1 verbose cli   'run',
1 verbose cli   'client' ]
2 info using npm@3.10.7
3 info using node@v8.9.1
4 verbose run-script [ 'preclient', 'client', 'postclient' ]
5 info lifecycle ALEssistant@1.0.0~preclient: ALEssistant@1.0.0
6 silly lifecycle ALEssistant@1.0.0~preclient: no script for preclient, continuing
7 info lifecycle ALEssistant@1.0.0~client: ALEssistant@1.0.0
8 verbose lifecycle ALEssistant@1.0.0~client: unsafe-perm in lifecycle true
9 verbose lifecycle ALEssistant@1.0.0~client: PATH: C:\Users\Jwiz\AppData\Roaming\npm\node_modules\npm\bin\node-gyp-bin;c:\Users\Jwiz\desktop\unccbootcamp\projects\project3\ALEssistant\node_modules\.bin;c:\Users\Jwiz\desktop\unccbootcamp\projects\project3\ALEssistant\node_modules\.bin;C:\Users\Jwiz\AppData\Local\Yarn\Data\link\node_modules\.bin;c:\Users\Jwiz\desktop\unccbootcamp\projects\project3\ALEssistant\node_modules\.bin;C:\Users\Jwiz\AppData\Local\Yarn\Data\link\node_modules\.bin;C:\Users\Jwiz\AppData\Local\Yarn\bin;C:\Program Files\libexec\lib\node_modules\npm\bin\node-gyp-bin;C:\Program Files\lib\node_modules\npm\bin\node-gyp-bin;C:\Program Files\nodejs\node_modules\npm\bin\node-gyp-bin;C:\Program Files\Git\mingw64\bin;C:\Program Files\Git\usr\bin;C:\Users\Jwiz\bin;C:\Program Files (x86)\Common Files\Intel\Shared Files\cpp\bin\Intel64;C:\Program Files (x86)\Common Files\Intel\Shared Libraries\redist\intel64\compiler;C:\Program Files (x86)\Common Files\Intel\Shared Libraries\redist\ia32\compiler;C:\ProgramData\Oracle\Java\javapath;C:\Program Files\Java\jre1.8.0_45\bin;C:\Program Files (x86)\NVIDIA Corporation\PhysX\Common;C:\Program Files\LiquidSonics\Reverberate (x64)\Resources;C:\Program Files\Sublime Text 3;C:\Program Files (x86)\Skype\Phone;C:\Program Files\nodejs;C:\Program Files\MongoDB\Server\3.6\bin;C:\Program Files\Mono\bin;C:\Program Files\dotnet;C:\Program Files (x86)\Common Files\Intel\Shared Files\cpp\bin\Intel64;C:\Program Files (x86)\Common Files\Intel\Shared Libraries\redist\intel64\compiler;C:\Program Files (x86)\Common Files\Intel\Shared Libraries\redist\ia32\compiler;C:\ProgramData\Oracle\Java\javapath;C:\Program Files\Java\jre1.8.0_45\bin;C:\Program Files (x86)\NVIDIA Corporation\PhysX\Common;C:\Program Files\LiquidSonics\Reverberate (x64)\Resources;C:\Program Files\Sublime Text 3;C:\Program Files\nodejs;C:\Program Files (x86)\Skype\Phone;C:\Users\Jwiz\AppData\Roaming\Dashlane\3.5.0.89717\bin\Firefox_Extension\{442718d9-475e-452a-b3e1-fb1ee16b8e9f}\components;C:\Windows\System32;C:\Users\Jwiz\AppData\Roaming\npm;C:\Program Files\Heroku\bin;C:\Program Files\Microsoft VS Code\bin;C:\Program Files\MySQL\MySQL Server 5.7\bin;C:\Program Files\MongoDB\Server\3.6\bin
10 verbose lifecycle ALEssistant@1.0.0~client: CWD: c:\Users\Jwiz\desktop\unccbootcamp\projects\project3\ALEssistant
11 silly lifecycle ALEssistant@1.0.0~client: Args: [ '/d /s /c', 'node scripts/start-client.js' ]
12 silly lifecycle ALEssistant@1.0.0~client: Returned: code: 3221225786  signal: null
13 info lifecycle ALEssistant@1.0.0~client: Failed to exec client script
14 verbose stack Error: ALEssistant@1.0.0 client: `node scripts/start-client.js`
14 verbose stack Exit status 3221225786
14 verbose stack     at EventEmitter.<anonymous> (C:\Users\Jwiz\AppData\Roaming\npm\node_modules\npm\lib\utils\lifecycle.js:255:16)
14 verbose stack     at emitTwo (events.js:126:13)
14 verbose stack     at EventEmitter.emit (events.js:214:7)
14 verbose stack     at ChildProcess.<anonymous> (C:\Users\Jwiz\AppData\Roaming\npm\node_modules\npm\lib\utils\spawn.js:40:14)
14 verbose stack     at emitTwo (events.js:126:13)
14 verbose stack     at ChildProcess.emit (events.js:214:7)
14 verbose stack     at maybeClose (internal/child_process.js:925:16)
14 verbose stack     at Process.ChildProcess._handle.onexit (internal/child_process.js:209:5)
15 verbose pkgid ALEssistant@1.0.0
16 verbose cwd c:\Users\Jwiz\desktop\unccbootcamp\projects\project3\ALEssistant
17 error Windows_NT 6.3.9600
18 error argv "C:\\Program Files\\nodejs\\node.exe" "C:\\Users\\Jwiz\\AppData\\Roaming\\npm\\node_modules\\npm\\bin\\npm-cli.js" "run" "client"
19 error node v8.9.1
20 error npm  v3.10.7
21 error code ELIFECYCLE
22 error ALEssistant@1.0.0 client: `node scripts/start-client.js`
22 error Exit status 3221225786
23 error Failed at the ALEssistant@1.0.0 client script 'node scripts/start-client.js'.
23 error Make sure you have the latest version of node.js and npm installed.
23 error If you do, this is most likely a problem with the ALEssistant package,
23 error not with npm itself.
23 error Tell the author that this fails on your system:
23 error     node scripts/start-client.js
23 error You can get information on how to open an issue for this project with:
23 error     npm bugs ALEssistant
23 error Or if that isn't available, you can get their info via:
23 error     npm owner ls ALEssistant
23 error There is likely additional logging output above.
24 verbose exit [ 1, true ]
